#
# A fatal error has been detected by the Java Runtime Environment:
#
#  EXCEPTION_ACCESS_VIOLATION (0xc0000005) at pc=0x6918ac35, pid=3748, tid=0x00000608
#
# JRE version: Java(TM) SE Runtime Environment (8.0_152-b16) (build 1.8.0_152-b16)
# Java VM: Java HotSpot(TM) Client VM (25.152-b16 mixed mode windows-x86 )
# Problematic frame:
# C  [jdwp.dll+0x1ac35]
#
# Failed to write core dump. Minidumps are not enabled by default on client versions of Windows
#
# If you would like to submit a bug report, please visit:
#   http://bugreport.java.com/bugreport/crash.jsp
# The crash happened outside the Java Virtual Machine in native code.
# See problematic frame for where to report the bug.
#

---------------  T H R E A D  ---------------

Current thread (0x13ed5800):  JavaThread "JDWP Command Reader" daemon [_thread_in_native, id=1544, stack(0x14610000,0x14660000)]

siginfo: ExceptionCode=0xc0000005, reading address 0x00000000

Registers:
EAX=0x00000028, EBX=0x6edb326c, ECX=0x00000000, EDX=0xf408ff6b
ESP=0x1465facc, EBP=0x1465fad0, ESI=0x0000000c, EDI=0x6edb315c
EIP=0x6918ac35, EFLAGS=0x00010206

Top of Stack: (sp=0x1465facc)
0x1465facc:   0000000c 1465fbf4 6edb107e 00000028
0x1465fadc:   1465faf0 6edb315c 6edb326c 1465fc30
0x1465faec:   000000ca 65746e49 70757272 20646574
0x1465fafc:   636e7566 6e6f6974 6c616320 750a006c
0x1465fb0c:   750a432a 008bad88 008bae68 008bad88
0x1465fb1c:   00000004 00000000 01000001 008bae68
0x1465fb2c:   00000020 01010000 1465fa6c c0000120
0x1465fb3c:   1465fe84 7752e0ed 014ec946 fffffffe 

Instructions: (pc=0x6918ac35)
0x6918ac15:   5f 33 cd 5e e8 8e 2b 00 00 c9 c3 55 8b ec 8b 45
0x6918ac25:   08 85 c0 75 02 5d c3 8b 0d e4 67 19 69 8b 09 56
0x6918ac35:   8b 31 57 8d 55 08 52 99 52 50 51 ff 96 b4 00 00
0x6918ac45:   00 8b f8 85 ff 74 41 68 07 07 00 00 68 c8 3d 19 


Register to memory mapping:

EAX=0x00000028 is an unknown value
EBX=0x6edb326c is an unknown value
ECX=0x00000000 is an unknown value
EDX=0xf408ff6b is an unknown value
ESP=0x1465facc is pointing into the stack for thread: 0x13ed5800
EBP=0x1465fad0 is pointing into the stack for thread: 0x13ed5800
ESI=0x0000000c is an unknown value
EDI=0x6edb315c is an unknown value


Stack: [0x14610000,0x14660000],  sp=0x1465facc,  free space=318k
Native frames: (J=compiled Java code, j=interpreted, Vv=VM code, C=native code)
C  [jdwp.dll+0x1ac35]
C  [dt_socket.dll+0x107e]
C  [dt_socket.dll+0x14f7]
C  [jdwp.dll+0x18b95]
V  [jvm.dll+0x121e14]
V  [jvm.dll+0x17eb7a]
V  [jvm.dll+0x1c36e6]
C  [msvcr100.dll+0x5c556]
C  [msvcr100.dll+0x5c600]
C  [kernel32.dll+0x4ed6c]
C  [ntdll.dll+0x637f5]
C  [ntdll.dll+0x637c8]
C  0x00000000


---------------  P R O C E S S  ---------------

Java Threads: ( => current thread )
  0x13f09c00 JavaThread "Service Thread" daemon [_thread_blocked, id=3016, stack(0x14740000,0x14790000)]
  0x13ee5000 JavaThread "C1 CompilerThread0" daemon [_thread_blocked, id=2684, stack(0x14410000,0x14460000)]
=>0x13ed5800 JavaThread "JDWP Command Reader" daemon [_thread_in_native, id=1544, stack(0x14610000,0x14660000)]
  0x13ec9400 JavaThread "JDWP Event Helper Thread" daemon [_thread_blocked, id=1792, stack(0x14500000,0x14550000)]
  0x13ec4800 JavaThread "JDWP Transport Listener: dt_socket" daemon [_thread_blocked, id=2308, stack(0x142e0000,0x14330000)]
  0x13ece400 JavaThread "Attach Listener" daemon [_thread_blocked, id=300, stack(0x141d0000,0x14220000)]
  0x13ecd800 JavaThread "Signal Dispatcher" daemon [_thread_blocked, id=3484, stack(0x00a40000,0x00a90000)]
  0x13eadc00 JavaThread "Finalizer" daemon [_thread_blocked, id=1972, stack(0x14080000,0x140d0000)]
  0x13e87c00 JavaThread "Reference Handler" daemon [_thread_blocked, id=1328, stack(0x008f0000,0x00940000)]
  0x006f0000 JavaThread "main" [_thread_blocked, id=2940, stack(0x005d0000,0x00620000)]

Other Threads:
  0x13e7f000 VMThread [stack: 0x00970000,0x009c0000] [id=3204]

VM state:at safepoint (normal execution)

VM Mutex/Monitor currently owned by a thread:  ([mutex/lock_event])
[0x005cf210] Threads_lock - owner thread: 0x13e7f000

Heap:
 def new generation   total 6464K, used 5810K [0x03a00000, 0x04100000, 0x08f50000)
  eden space 5760K,  88% used [0x03a00000, 0x03efc908, 0x03fa0000)
  from space 704K,  99% used [0x04050000, 0x040ffff8, 0x04100000)
  to   space 704K,   0% used [0x03fa0000, 0x03fa0000, 0x04050000)
 tenured generation   total 14276K, used 13256K [0x08f50000, 0x09d41000, 0x13a00000)
   the space 14276K,  92% used [0x08f50000, 0x09c42390, 0x09c42400, 0x09d41000)
 Metaspace       used 14837K, capacity 15698K, committed 15744K, reserved 15744K

Card table byte_map: [0x00510000,0x005a0000] byte_map_base: 0x004f3000

Polling page: 0x00090000

CodeCache: size=32768Kb used=3120Kb max_used=3120Kb free=29647Kb
 bounds [0x01a00000, 0x01d10000, 0x03a00000]
 total_blobs=1492 nmethods=1062 adapters=368
 compilation: enabled

Compilation events (10 events):
Event: 130.711 Thread 0x13ee5000 1073  s          java.util.Vector::size (5 bytes)
Event: 130.712 Thread 0x13ee5000 nmethod 1073 0x01d09c48 code [0x01d09d40, 0x01d09f00]
Event: 130.712 Thread 0x13ee5000 1074             java.util.regex.Pattern::RemoveQEQuoting (346 bytes)
Event: 130.714 Thread 0x13ee5000 nmethod 1074 0x01d09f88 code [0x01d0a0e0, 0x01d0a798]
Event: 130.714 Thread 0x13ee5000 1075             java.lang.Character::codePointAtImpl (41 bytes)
Event: 130.714 Thread 0x13ee5000 nmethod 1075 0x01d0ae48 code [0x01d0af40, 0x01d0b080]
Event: 130.734 Thread 0x13ee5000 1076  s          java.util.Hashtable::put (104 bytes)
Event: 130.735 Thread 0x13ee5000 nmethod 1076 0x01d0b188 code [0x01d0b2d0, 0x01d0b670]
Event: 130.794 Thread 0x13ee5000 1078   !         java.io.BufferedWriter::write (117 bytes)
Event: 130.795 Thread 0x13ee5000 nmethod 1078 0x01d0bb48 code [0x01d0bc80, 0x01d0bfd4]

GC Heap History (10 events):
Event: 129.841 GC heap before
{Heap before GC invocations=23 (full 1):
 def new generation   total 6464K, used 5826K [0x03a00000, 0x04100000, 0x08f50000)
  eden space 5760K, 100% used [0x03a00000, 0x03fa0000, 0x03fa0000)
  from space 704K,   9% used [0x03fa0000, 0x03fb0b50, 0x04050000)
  to   space 704K,   0% used [0x04050000, 0x04050000, 0x04100000)
 tenured generation   total 14276K, used 10508K [0x08f50000, 0x09d41000, 0x13a00000)
   the space 14276K,  73% used [0x08f50000, 0x09993160, 0x09993200, 0x09d41000)
 Metaspace       used 13232K, capacity 13884K, committed 13952K, reserved 14720K
Event: 129.851 GC heap after
Heap after GC invocations=24 (full 1):
 def new generation   total 6464K, used 704K [0x03a00000, 0x04100000, 0x08f50000)
  eden space 5760K,   0% used [0x03a00000, 0x03a00000, 0x03fa0000)
  from space 704K, 100% used [0x04050000, 0x04100000, 0x04100000)
  to   space 704K,   0% used [0x03fa0000, 0x03fa0000, 0x04050000)
 tenured generation   total 14276K, used 10926K [0x08f50000, 0x09d41000, 0x13a00000)
   the space 14276K,  76% used [0x08f50000, 0x099fb878, 0x099fba00, 0x09d41000)
 Metaspace       used 13232K, capacity 13884K, committed 13952K, reserved 14720K
}
Event: 129.987 GC heap before
{Heap before GC invocations=24 (full 1):
 def new generation   total 6464K, used 6464K [0x03a00000, 0x04100000, 0x08f50000)
  eden space 5760K, 100% used [0x03a00000, 0x03fa0000, 0x03fa0000)
  from space 704K, 100% used [0x04050000, 0x04100000, 0x04100000)
  to   space 704K,   0% used [0x03fa0000, 0x03fa0000, 0x04050000)
 tenured generation   total 14276K, used 10926K [0x08f50000, 0x09d41000, 0x13a00000)
   the space 14276K,  76% used [0x08f50000, 0x099fb878, 0x099fba00, 0x09d41000)
 Metaspace       used 13400K, capacity 14083K, committed 14208K, reserved 14720K
Event: 129.996 GC heap after
Heap after GC invocations=25 (full 1):
 def new generation   total 6464K, used 672K [0x03a00000, 0x04100000, 0x08f50000)
  eden space 5760K,   0% used [0x03a00000, 0x03a00000, 0x03fa0000)
  from space 704K,  95% used [0x03fa0000, 0x04048108, 0x04050000)
  to   space 704K,   0% used [0x04050000, 0x04050000, 0x04100000)
 tenured generation   total 14276K, used 11543K [0x08f50000, 0x09d41000, 0x13a00000)
   the space 14276K,  80% used [0x08f50000, 0x09a95de8, 0x09a95e00, 0x09d41000)
 Metaspace       used 13400K, capacity 14083K, committed 14208K, reserved 14720K
}
Event: 130.142 GC heap before
{Heap before GC invocations=25 (full 1):
 def new generation   total 6464K, used 6432K [0x03a00000, 0x04100000, 0x08f50000)
  eden space 5760K, 100% used [0x03a00000, 0x03fa0000, 0x03fa0000)
  from space 704K,  95% used [0x03fa0000, 0x04048108, 0x04050000)
  to   space 704K,   0% used [0x04050000, 0x04050000, 0x04100000)
 tenured generation   total 14276K, used 11543K [0x08f50000, 0x09d41000, 0x13a00000)
   the space 14276K,  80% used [0x08f50000, 0x09a95de8, 0x09a95e00, 0x09d41000)
 Metaspace       used 13525K, capacity 14297K, committed 14336K, reserved 14720K
Event: 130.149 GC heap after
Heap after GC invocations=26 (full 1):
 def new generation   total 6464K, used 511K [0x03a00000, 0x04100000, 0x08f50000)
  eden space 5760K,   0% used [0x03a00000, 0x03a00000, 0x03fa0000)
  from space 704K,  72% used [0x04050000, 0x040cfc80, 0x04100000)
  to   space 704K,   0% used [0x03fa0000, 0x03fa0000, 0x04050000)
 tenured generation   total 14276K, used 12117K [0x08f50000, 0x09d41000, 0x13a00000)
   the space 14276K,  84% used [0x08f50000, 0x09b25470, 0x09b25600, 0x09d41000)
 Metaspace       used 13525K, capacity 14297K, committed 14336K, reserved 14720K
}
Event: 130.332 GC heap before
{Heap before GC invocations=26 (full 1):
 def new generation   total 6464K, used 6271K [0x03a00000, 0x04100000, 0x08f50000)
  eden space 5760K, 100% used [0x03a00000, 0x03fa0000, 0x03fa0000)
  from space 704K,  72% used [0x04050000, 0x040cfc80, 0x04100000)
  to   space 704K,   0% used [0x03fa0000, 0x03fa0000, 0x04050000)
 tenured generation   total 14276K, used 12117K [0x08f50000, 0x09d41000, 0x13a00000)
   the space 14276K,  84% used [0x08f50000, 0x09b25470, 0x09b25600, 0x09d41000)
 Metaspace       used 13831K, capacity 14641K, committed 14720K, reserved 14720K
Event: 130.340 GC heap after
Heap after GC invocations=27 (full 1):
 def new generation   total 6464K, used 704K [0x03a00000, 0x04100000, 0x08f50000)
  eden space 5760K,   0% used [0x03a00000, 0x03a00000, 0x03fa0000)
  from space 704K, 100% used [0x03fa0000, 0x04050000, 0x04050000)
  to   space 704K,   0% used [0x04050000, 0x04050000, 0x04100000)
 tenured generation   total 14276K, used 12689K [0x08f50000, 0x09d41000, 0x13a00000)
   the space 14276K,  88% used [0x08f50000, 0x09bb4538, 0x09bb4600, 0x09d41000)
 Metaspace       used 13831K, capacity 14641K, committed 14720K, reserved 14720K
}
Event: 130.542 GC heap before
{Heap before GC invocations=27 (full 1):
 def new generation   total 6464K, used 6464K [0x03a00000, 0x04100000, 0x08f50000)
  eden space 5760K, 100% used [0x03a00000, 0x03fa0000, 0x03fa0000)
  from space 704K, 100% used [0x03fa0000, 0x04050000, 0x04050000)
  to   space 704K,   0% used [0x04050000, 0x04050000, 0x04100000)
 tenured generation   total 14276K, used 12689K [0x08f50000, 0x09d41000, 0x13a00000)
   the space 14276K,  88% used [0x08f50000, 0x09bb4538, 0x09bb4600, 0x09d41000)
 Metaspace       used 14195K, capacity 15018K, committed 15104K, reserved 15744K
Event: 130.550 GC heap after
Heap after GC invocations=28 (full 1):
 def new generation   total 6464K, used 703K [0x03a00000, 0x04100000, 0x08f50000)
  eden space 5760K,   0% used [0x03a00000, 0x03a00000, 0x03fa0000)
  from space 704K,  99% used [0x04050000, 0x040ffff8, 0x04100000)
  to   space 704K,   0% used [0x03fa0000, 0x03fa0000, 0x04050000)
 tenured generation   total 14276K, used 13256K [0x08f50000, 0x09d41000, 0x13a00000)
   the space 14276K,  92% used [0x08f50000, 0x09c42390, 0x09c42400, 0x09d41000)
 Metaspace       used 14195K, capacity 15018K, committed 15104K, reserved 15744K
}

Deoptimization events (0 events):
No events

Classes redefined (1 events):
Event: 96.755 Thread 0x13e7f000 redefined class name=com.ems.json_schema_validation.RestAssuredJsonSchemaValidation, count=1

Internal exceptions (10 events):
Event: 130.493 Thread 0x006f0000 Exception <a 'java/lang/ArrayIndexOutOfBoundsException'> (0x03e18b98) thrown at [C:\workspace\8-2-build-windows-i586-cygwin\jdk8u152\9742\hotspot\src\share\vm\runtime\sharedRuntime.cpp, line 605]
Event: 130.493 Thread 0x006f0000 Exception <a 'java/lang/ArrayIndexOutOfBoundsException'> (0x03e1a030) thrown at [C:\workspace\8-2-build-windows-i586-cygwin\jdk8u152\9742\hotspot\src\share\vm\runtime\sharedRuntime.cpp, line 605]
Event: 130.498 Thread 0x006f0000 Exception <a 'java/lang/ClassNotFoundException': org/apache/http/message/BufferedHeaderBeanInfo> (0x03e48578) thrown at [C:\workspace\8-2-build-windows-i586-cygwin\jdk8u152\9742\hotspot\src\share\vm\classfile\systemDictionary.cpp, line 210]
Event: 130.499 Thread 0x006f0000 Exception <a 'java/lang/ClassNotFoundException': org/apache/http/message/BufferedHeaderCustomizer> (0x03e60928) thrown at [C:\workspace\8-2-build-windows-i586-cygwin\jdk8u152\9742\hotspot\src\share\vm\classfile\systemDictionary.cpp, line 210]
Event: 130.509 Thread 0x006f0000 Exception <a 'java/lang/ClassNotFoundException': org/apache/http/message/BasicStatusLineBeanInfo> (0x03eb80c0) thrown at [C:\workspace\8-2-build-windows-i586-cygwin\jdk8u152\9742\hotspot\src\share\vm\classfile\systemDictionary.cpp, line 210]
Event: 130.511 Thread 0x006f0000 Exception <a 'java/lang/ClassNotFoundException': org/apache/http/message/BasicStatusLineCustomizer> (0x03ed0708) thrown at [C:\workspace\8-2-build-windows-i586-cygwin\jdk8u152\9742\hotspot\src\share\vm\classfile\systemDictionary.cpp, line 210]
Event: 130.527 Thread 0x006f0000 Exception <a 'java/lang/ClassNotFoundException': sun/net/www/protocol/d/Handler> (0x03f2cb20) thrown at [C:\workspace\8-2-build-windows-i586-cygwin\jdk8u152\9742\hotspot\src\share\vm\classfile\systemDictionary.cpp, line 210]
Event: 130.528 Thread 0x006f0000 Exception <a 'java/lang/ClassNotFoundException': sun/net/www/protocol/d/Handler> (0x03f35738) thrown at [C:\workspace\8-2-build-windows-i586-cygwin\jdk8u152\9742\hotspot\src\share\vm\classfile\systemDictionary.cpp, line 210]
Event: 130.531 Thread 0x006f0000 Exception <a 'java/lang/reflect/InvocationTargetException'> (0x03f57ac0) thrown at [C:\workspace\8-2-build-windows-i586-cygwin\jdk8u152\9742\hotspot\src\share\vm\runtime\reflection.cpp, line 1092]
Event: 130.787 Thread 0x006f0000 Exception <a 'java/lang/NoSuchMethodError': java.lang.Object.lambda$thenComparing$36697e65$1(Ljava/util/Comparator;Ljava/lang/Object;Ljava/lang/Object;)I> (0x03ea9b48) thrown at [C:\workspace\8-2-build-windows-i586-cygwin\jdk8u152\9742\hotspot\src\share\v

Events (10 events):
Event: 130.799 loading class java/util/IdentityHashMap$IdentityHashMapIterator
Event: 130.799 loading class java/util/IdentityHashMap$IdentityHashMapIterator done
Event: 130.799 loading class java/util/IdentityHashMap$KeyIterator done
Event: 130.800 Thread 0x14c15000 Thread added: 0x14c15000
Event: 130.800 Executing VM operation: RevokeBias
Event: 130.800 Executing VM operation: RevokeBias done
Event: 130.800 Executing VM operation: RevokeBias
Event: 130.800 Executing VM operation: RevokeBias done
Event: 130.800 Thread 0x14c15000 Thread exited: 0x14c15000
Event: 130.801 Executing VM operation: Exit


Dynamic libraries:
0x00af0000 - 0x00b23000 	C:\Program Files\Java\jdk1.8.0_152\bin\javaw.exe
0x77510000 - 0x7764c000 	C:\Windows\SYSTEM32\ntdll.dll
0x76c80000 - 0x76d54000 	C:\Windows\system32\kernel32.dll
0x756e0000 - 0x7572b000 	C:\Windows\system32\KERNELBASE.dll
0x77240000 - 0x772e0000 	C:\Windows\system32\ADVAPI32.dll
0x75c00000 - 0x75cac000 	C:\Windows\system32\msvcrt.dll
0x76c60000 - 0x76c79000 	C:\Windows\SYSTEM32\sechost.dll
0x76d60000 - 0x76e01000 	C:\Windows\system32\RPCRT4.dll
0x75e70000 - 0x75f39000 	C:\Windows\system32\USER32.dll
0x77690000 - 0x776de000 	C:\Windows\system32\GDI32.dll
0x77680000 - 0x7768a000 	C:\Windows\system32\LPK.dll
0x76e10000 - 0x76ead000 	C:\Windows\system32\USP10.dll
0x74690000 - 0x7482e000 	C:\Windows\WinSxS\x86_microsoft.windows.common-controls_6595b64144ccf1df_6.0.7601.17514_none_41e6975e2bd6f2b2\COMCTL32.dll
0x771e0000 - 0x77237000 	C:\Windows\system32\SHLWAPI.dll
0x76eb0000 - 0x76ecf000 	C:\Windows\system32\IMM32.DLL
0x77440000 - 0x7750c000 	C:\Windows\system32\MSCTF.dll
0x67940000 - 0x679ff000 	C:\Program Files\Java\jdk1.8.0_152\jre\bin\msvcr100.dll
0x67a00000 - 0x67dcf000 	C:\Program Files\Java\jdk1.8.0_152\jre\bin\client\jvm.dll
0x73ba0000 - 0x73ba7000 	C:\Windows\system32\WSOCK32.dll
0x76f60000 - 0x76f95000 	C:\Windows\system32\WS2_32.dll
0x75e60000 - 0x75e66000 	C:\Windows\system32\NSI.dll
0x71080000 - 0x710b2000 	C:\Windows\system32\WINMM.dll
0x74b50000 - 0x74b59000 	C:\Windows\system32\VERSION.dll
0x75960000 - 0x75965000 	C:\Windows\system32\PSAPI.DLL
0x73bb0000 - 0x73bbc000 	C:\Program Files\Java\jdk1.8.0_152\jre\bin\verify.dll
0x69470000 - 0x69492000 	C:\Program Files\Java\jdk1.8.0_152\jre\bin\java.dll
0x69170000 - 0x6919b000 	C:\Program Files\Java\jdk1.8.0_152\jre\bin\jdwp.dll
0x6eed0000 - 0x6eed7000 	C:\Program Files\Java\jdk1.8.0_152\jre\bin\npt.dll
0x71fc0000 - 0x71fd4000 	C:\Program Files\Java\jdk1.8.0_152\jre\bin\zip.dll
0x76010000 - 0x76c5a000 	C:\Windows\system32\SHELL32.dll
0x772e0000 - 0x7743c000 	C:\Windows\system32\ole32.dll
0x75660000 - 0x7566b000 	C:\Windows\system32\profapi.dll
0x6edb0000 - 0x6edb8000 	C:\Program Files\Java\jdk1.8.0_152\jre\bin\dt_socket.dll
0x73af0000 - 0x73b00000 	C:\Windows\system32\NLAapi.dll
0x68f50000 - 0x68f60000 	C:\Windows\system32\napinsp.dll
0x68f30000 - 0x68f42000 	C:\Windows\system32\pnrpnsp.dll
0x750a0000 - 0x750dc000 	C:\Windows\System32\mswsock.dll
0x74f60000 - 0x74fa4000 	C:\Windows\system32\DNSAPI.dll
0x68f20000 - 0x68f28000 	C:\Windows\System32\winrnr.dll
0x739d0000 - 0x739ec000 	C:\Windows\system32\IPHLPAPI.DLL
0x739c0000 - 0x739c7000 	C:\Windows\system32\WINNSI.DLL
0x73820000 - 0x73858000 	C:\Windows\System32\fwpuclnt.dll
0x711f0000 - 0x711f6000 	C:\Windows\system32\rasadhlp.dll
0x74bf0000 - 0x74bf5000 	C:\Windows\System32\wshtcpip.dll
0x695b0000 - 0x695c5000 	C:\Program Files\Java\jdk1.8.0_152\jre\bin\net.dll
0x75090000 - 0x75096000 	C:\Windows\System32\wship6.dll
0x750e0000 - 0x750f6000 	C:\Windows\system32\CRYPTSP.dll
0x74e80000 - 0x74ebb000 	C:\Windows\system32\rsaenh.dll
0x74cc0000 - 0x74cd7000 	C:\Windows\system32\USERENV.dll
0x755e0000 - 0x755ec000 	C:\Windows\system32\CRYPTBASE.dll
0x737b0000 - 0x737c2000 	C:\Windows\system32\dhcpcsvc.DLL
0x736c0000 - 0x736cd000 	C:\Windows\system32\dhcpcsvc6.DLL
0x715d0000 - 0x715df000 	C:\Program Files\Java\jdk1.8.0_152\jre\bin\nio.dll
0x69140000 - 0x69160000 	C:\Program Files\Java\jdk1.8.0_152\jre\bin\sunec.dll
0x6a4d0000 - 0x6a5bb000 	C:\Windows\system32\dbghelp.dll

VM Arguments:
jvm_args: -agentlib:jdwp=transport=dt_socket,suspend=y,address=localhost:50621 -ea -Dfile.encoding=Cp1252 
java_command: org.testng.remote.RemoteTestNG -serport 50620 -protocol json -d D:\RestAssured LAO\RestAssured\test-output C:\Users\Mohan\AppData\Local\Temp\testng-eclipse-948897129\testng-customsuite.xml
java_class_path (initial): C:\Users\Mohan\Videos\eclipse\configuration\org.eclipse.osgi\527\0\.cp\lib\testng-remote.jar;D:\RestAssured LAO\RestAssured\target\test-classes;D:\RestAssured LAO\RestAssured\target\classes;C:\Users\Mohan\Videos\eclipse\plugins\org.testng_7.4.0.r202105021533.jar;C:\Users\Mohan\Videos\eclipse\plugins\com.beust.jcommander_1.78.0.jar;C:\Users\Mohan\Videos\eclipse\plugins\org.apache-extras.beanshell.bsh_2.0.0.b6.jar;C:\Users\Mohan\Videos\eclipse\plugins\org.yaml.snakeyaml_1.21.0.jar;C:\Users\Mohan\Videos\eclipse\plugins\org.webjars.jquery_3.5.1.jar;C:\Users\Mohan\.m2\repository\io\rest-assured\rest-assured\5.3.0\rest-assured-5.3.0.jar;C:\Users\Mohan\.m2\repository\org\apache\groovy\groovy\4.0.6\groovy-4.0.6.jar;C:\Users\Mohan\.m2\repository\org\apache\groovy\groovy-xml\4.0.6\groovy-xml-4.0.6.jar;C:\Users\Mohan\.m2\repository\org\apache\httpcomponents\httpclient\4.5.13\httpclient-4.5.13.jar;C:\Users\Mohan\.m2\repository\org\apache\httpcomponents\httpcore\4.4.13\httpcore-4.4.13.jar;C:\Users\Mohan\.m2\repository\commons-logging\commons-logging\1.2\commons-logging-1.2.jar;C:\Users\Mohan\.m2\repository\org\apache\httpcomponents\httpmime\4.5.13\httpmime-4.5.13.jar;C:\Users\Mohan\.m2\repository\org\hamcrest\hamcrest\2.1\hamcrest-2.1.jar;C:\Users\Mohan\.m2\repository\org\ccil\cowan\tagsoup\tagsoup\1.2.1\tagsoup-1.2.1.jar;C:\Users\Mohan\.m2\repository\io\rest-assured\xml-path\5.3.0\xml-path-5.3.0.jar;C:\Users\Mohan\.m2\repository\io\rest-assured\json-path\5.3.0\json-path-5.3.0.jar;C:\Users\Mohan\.m2\repository\org\apache\groovy\groovy-json\4.0.6\groovy-json-4.0.6.jar;C:\Users\Mohan\.m2\repository\io\rest-assured\rest-assured-common\5.3.0\rest-assured-common-5.3.0.jar;C:\Users\Mohan\.m2\repository\org\json\json\20230227\json-20230227.jar;C:\Users\Mohan\.m2\repository\com\fasterxml\jackson\core\jackson-databind\2.15.0-rc2\jackson-databind-2.15.0-rc2.jar;C:\Users\Mohan\.m2\repository\com\fasterxml\jackson\core\jackson-annotations\2.15.0-rc2\jackson-anno
Launcher Type: SUN_STANDARD

Environment Variables:
JAVA_HOME=C:\Program Files\Java\jdk1.8.0_152\
PATH=C:\Program Files\Java\jdk1.8.0_152\jre\bin;C:/Program Files/Java/jdk1.8.0_152/bin/../jre/bin/client;C:/Program Files/Java/jdk1.8.0_152/bin/../jre/bin;C:/Program Files/Java/jdk1.8.0_152/bin/../jre/lib/i386;C:\apache-maven-3.9.1\bin;C:\Program Files\nodejs\node-v13.14.0-win-x86;C:\Program Files\nodesjs\;C:\Program Files\Java\jdk1.8.0_152\bin;C:\Users\Mohan\Downloads\allure-2.13.0\bin;C:\Users\Mohan\Downloads\allure-2.13.0\bin;C:\Program Files\nodejs\node-v13.14.0-win-x86;C:\Program Files\Java\jdk1.8.0_152\bin;C:\Users\Mohan\Videos\eclipse;
USERNAME=Mohan
OS=Windows_NT
PROCESSOR_IDENTIFIER=x86 Family 22 Model 0 Stepping 1, AuthenticAMD



---------------  S Y S T E M  ---------------

OS: Windows 7 Build 7601 (6.1.7601.17965)

CPU:total 4 (initial active 4) (4 cores per cpu, 1 threads per core) family 22 model 0 stepping 1, cmov, cx8, fxsr, mmx, sse, sse2, sse3, ssse3, sse4.1, sse4.2, popcnt, avx, aes, clmul, mmxext, 3dnowpref, lzcnt, sse4a, tsc, tscinvbit, tscinv, bmi1

Memory: 4k page, physical 1546616k(218680k free), swap 3093232k(1252856k free)

vm_info: Java HotSpot(TM) Client VM (25.152-b16) for windows-x86 JRE (1.8.0_152-b16), built on Sep 14 2017 02:22:24 by "java_re" with MS VC++ 10.0 (VS2010)

time: Sun Apr 09 17:51:55 2023
elapsed time: 131 seconds (0d 0h 2m 11s)

